# JRE version: OpenJDK Runtime Environment (11.0.6+10) (build 11.0.6+10)
# Java VM: OpenJDK 64-Bit Server VM (11.0.6+10, mixed mode, tiered, compressed oops, g1 gc, linux-amd64)
Heap:
 garbage-first heap   total 34816K, used 9717K [0x000000060b600000, 0x0000000800000000)
  region size 2048K, 2 young (4096K), 1 survivors (2048K)
 Metaspace       used 29698K, capacity 30408K, committed 30848K, reserved 1077248K
  class space    used 3054K, capacity 3385K, committed 3456K, reserved 1048576K
GC Heap History (10 events):
Event: 0,904 GC heap before
{Heap before GC invocations=0 (full 0):
 garbage-first heap   total 514048K, used 22528K [0x000000060b600000, 0x0000000800000000)
  region size 2048K, 11 young (22528K), 0 survivors (0K)
 Metaspace       used 20511K, capacity 21041K, committed 21248K, reserved 1069056K
  class space    used 2235K, capacity 2513K, committed 2560K, reserved 1048576K
}
Event: 0,912 GC heap after
{Heap after GC invocations=1 (full 0):
 garbage-first heap   total 514048K, used 5996K [0x000000060b600000, 0x0000000800000000)
  region size 2048K, 2 young (4096K), 2 survivors (4096K)
 Metaspace       used 20511K, capacity 21041K, committed 21248K, reserved 1069056K
  class space    used 2235K, capacity 2513K, committed 2560K, reserved 1048576K
}
Event: 1,441 GC heap before
{Heap before GC invocations=2 (full 0):
 garbage-first heap   total 514048K, used 12140K [0x000000060b600000, 0x0000000800000000)
  region size 2048K, 6 young (12288K), 2 survivors (4096K)
 Metaspace       used 22508K, capacity 23124K, committed 23296K, reserved 1069056K
  class space    used 2458K, capacity 2762K, committed 2816K, reserved 1048576K
}
Event: 1,454 GC heap after
{Heap after GC invocations=3 (full 1):
 garbage-first heap   total 49152K, used 6785K [0x000000060b600000, 0x0000000800000000)
  region size 2048K, 0 young (0K), 0 survivors (0K)
 Metaspace       used 22508K, capacity 23124K, committed 23296K, reserved 1069056K
  class space    used 2458K, capacity 2762K, committed 2816K, reserved 1048576K
}
Event: 1,454 GC heap before
{Heap before GC invocations=3 (full 1):
 garbage-first heap   total 49152K, used 6785K [0x000000060b600000, 0x0000000800000000)
  region size 2048K, 0 young (0K), 0 survivors (0K)
 Metaspace       used 22508K, capacity 23124K, committed 23296K, reserved 1069056K
  class space    used 2458K, capacity 2762K, committed 2816K, reserved 1048576K
}
Event: 1,466 GC heap after
{Heap after GC invocations=4 (full 2):
 garbage-first heap   total 34816K, used 6785K [0x000000060b600000, 0x0000000800000000)
  region size 2048K, 0 young (0K), 0 survivors (0K)
 Metaspace       used 22508K, capacity 23124K, committed 23296K, reserved 1069056K
  class space    used 2458K, capacity 2762K, committed 2816K, reserved 1048576K
}
Event: 1,982 GC heap before
{Heap before GC invocations=4 (full 2):
 garbage-first heap   total 34816K, used 14977K [0x000000060b600000, 0x0000000800000000)
  region size 2048K, 5 young (10240K), 0 survivors (0K)
 Metaspace       used 27398K, capacity 28038K, committed 28544K, reserved 1075200K
  class space    used 2837K, capacity 3154K, committed 3200K, reserved 1048576K
}
Event: 1,984 GC heap after
{Heap after GC invocations=5 (full 2):
 garbage-first heap   total 34816K, used 8901K [0x000000060b600000, 0x0000000800000000)
  region size 2048K, 1 young (2048K), 1 survivors (2048K)
 Metaspace       used 27398K, capacity 28038K, committed 28544K, reserved 1075200K
  class space    used 2837K, capacity 3154K, committed 3200K, reserved 1048576K
}
Event: 2,099 GC heap before
{Heap before GC invocations=5 (full 2):
 garbage-first heap   total 34816K, used 15045K [0x000000060b600000, 0x0000000800000000)
  region size 2048K, 5 young (10240K), 1 survivors (2048K)
 Metaspace       used 29512K, capacity 30192K, committed 30720K, reserved 1077248K
  class space    used 3033K, capacity 3316K, committed 3328K, reserved 1048576K
}
Event: 2,101 GC heap after
{Heap after GC invocations=6 (full 2):
 garbage-first heap   total 34816K, used 9717K [0x000000060b600000, 0x0000000800000000)
  region size 2048K, 1 young (2048K), 1 survivors (2048K)
 Metaspace       used 29512K, capacity 30192K, committed 30720K, reserved 1077248K
  class space    used 3033K, capacity 3316K, committed 3328K, reserved 1048576K
}

