# JRE version: OpenJDK Runtime Environment (11.0.6+10) (build 11.0.6+10)
# Java VM: OpenJDK 64-Bit Server VM (11.0.6+10, mixed mode, tiered, compressed oops, g1 gc, linux-amd64)
Heap:
 garbage-first heap   total 28672K, used 11175K [0x000000060b600000, 0x0000000800000000)
  region size 2048K, 4 young (8192K), 1 survivors (2048K)
 Metaspace       used 29652K, capacity 30312K, committed 30848K, reserved 1077248K
  class space    used 3050K, capacity 3353K, committed 3456K, reserved 1048576K
GC Heap History (10 events):
Event: 0,889 GC heap before
{Heap before GC invocations=0 (full 0):
 garbage-first heap   total 514048K, used 22528K [0x000000060b600000, 0x0000000800000000)
  region size 2048K, 11 young (22528K), 0 survivors (0K)
 Metaspace       used 20500K, capacity 21041K, committed 21248K, reserved 1069056K
  class space    used 2230K, capacity 2513K, committed 2560K, reserved 1048576K
}
Event: 0,897 GC heap after
{Heap after GC invocations=1 (full 0):
 garbage-first heap   total 514048K, used 5999K [0x000000060b600000, 0x0000000800000000)
  region size 2048K, 2 young (4096K), 2 survivors (4096K)
 Metaspace       used 20500K, capacity 21041K, committed 21248K, reserved 1069056K
  class space    used 2230K, capacity 2513K, committed 2560K, reserved 1048576K
}
Event: 1,405 GC heap before
{Heap before GC invocations=2 (full 0):
 garbage-first heap   total 514048K, used 12143K [0x000000060b600000, 0x0000000800000000)
  region size 2048K, 6 young (12288K), 2 survivors (4096K)
 Metaspace       used 22473K, capacity 23058K, committed 23296K, reserved 1069056K
  class space    used 2454K, capacity 2761K, committed 2816K, reserved 1048576K
}
Event: 1,416 GC heap after
{Heap after GC invocations=3 (full 1):
 garbage-first heap   total 49152K, used 6772K [0x000000060b600000, 0x0000000800000000)
  region size 2048K, 0 young (0K), 0 survivors (0K)
 Metaspace       used 22473K, capacity 23058K, committed 23296K, reserved 1069056K
  class space    used 2454K, capacity 2761K, committed 2816K, reserved 1048576K
}
Event: 1,416 GC heap before
{Heap before GC invocations=3 (full 1):
 garbage-first heap   total 49152K, used 6772K [0x000000060b600000, 0x0000000800000000)
  region size 2048K, 0 young (0K), 0 survivors (0K)
 Metaspace       used 22473K, capacity 23122K, committed 23296K, reserved 1069056K
  class space    used 2454K, capacity 2761K, committed 2816K, reserved 1048576K
}
Event: 1,428 GC heap after
{Heap after GC invocations=4 (full 2):
 garbage-first heap   total 28672K, used 6772K [0x000000060b600000, 0x0000000800000000)
  region size 2048K, 0 young (0K), 0 survivors (0K)
 Metaspace       used 22473K, capacity 23122K, committed 23296K, reserved 1069056K
  class space    used 2454K, capacity 2761K, committed 2816K, reserved 1048576K
}
Event: 1,842 GC heap before
{Heap before GC invocations=4 (full 2):
 garbage-first heap   total 28672K, used 14964K [0x000000060b600000, 0x0000000800000000)
  region size 2048K, 4 young (8192K), 0 survivors (0K)
 Metaspace       used 26534K, capacity 27155K, committed 27648K, reserved 1073152K
  class space    used 2762K, capacity 3051K, committed 3072K, reserved 1048576K
}
Event: 1,844 GC heap after
{Heap after GC invocations=5 (full 2):
 garbage-first heap   total 28672K, used 8837K [0x000000060b600000, 0x0000000800000000)
  region size 2048K, 1 young (2048K), 1 survivors (2048K)
 Metaspace       used 26534K, capacity 27155K, committed 27648K, reserved 1073152K
  class space    used 2762K, capacity 3051K, committed 3072K, reserved 1048576K
}
Event: 1,964 GC heap before
{Heap before GC invocations=5 (full 2):
 garbage-first heap   total 28672K, used 14981K [0x000000060b600000, 0x0000000800000000)
  region size 2048K, 4 young (8192K), 1 survivors (2048K)
 Metaspace       used 28870K, capacity 29511K, committed 29952K, reserved 1075200K
  class space    used 2974K, capacity 3282K, committed 3328K, reserved 1048576K
}
Event: 1,966 GC heap after
{Heap after GC invocations=6 (full 2):
 garbage-first heap   total 28672K, used 9127K [0x000000060b600000, 0x0000000800000000)
  region size 2048K, 1 young (2048K), 1 survivors (2048K)
 Metaspace       used 28870K, capacity 29511K, committed 29952K, reserved 1075200K
  class space    used 2974K, capacity 3282K, committed 3328K, reserved 1048576K
}

